<?xml version="1.0" encoding="UTF-8"?>
<!-- Generated by org.testng.reporters.JUnitReportReporter -->
<testsuite hostname="AWWAD" failures="0" tests="12" name="org.example.TestRunner.TestRunner" time="141.802" errors="0" timestamp="2022-07-21T16:54:56 EET" skipped="0">
  <testcase classname="org.example.TestRunner.TestRunner" name="runScenario" time="10.308"/>
  <system-out/>
  <testcase classname="org.example.TestRunner.TestRunner" name="runScenario" time="10.989"/>
  <system-out/>
  <testcase classname="org.example.TestRunner.TestRunner" name="runScenario" time="11.221"/>
  <system-out/>
  <testcase classname="org.example.TestRunner.TestRunner" name="runScenario" time="12.996"/>
  <system-out/>
  <testcase classname="org.example.TestRunner.TestRunner" name="runScenario" time="9.833"/>
  <system-out/>
  <testcase classname="org.example.TestRunner.TestRunner" name="runScenario" time="12.913"/>
  <system-out/>
  <testcase classname="org.example.TestRunner.TestRunner" name="runScenario" time="20.485"/>
  <system-out/>
  <testcase classname="org.example.TestRunner.TestRunner" name="runScenario" time="10.660"/>
  <system-out/>
  <testcase classname="org.example.TestRunner.TestRunner" name="runScenario" time="10.241"/>
  <system-out/>
  <testcase classname="org.example.TestRunner.TestRunner" name="runScenario" time="14.349"/>
  <system-out/>
  <testcase classname="org.example.TestRunner.TestRunner" name="runScenario" time="8.903"/>
  <system-out/>
  <testcase classname="org.example.TestRunner.TestRunner" name="runScenario" time="8.904"/>
  <system-out/>
</testsuite> <!-- org.example.TestRunner.TestRunner -->
