<?xml version="1.0" encoding="UTF-8"?>
<!-- Generated by org.testng.reporters.JUnitReportReporter -->
<testsuite hostname="AWWAD" failures="0" tests="12" name="org.example.TestRunner.TestRunner" time="174.298" errors="0" timestamp="2022-07-21T06:38:35 EET" skipped="0">
  <testcase classname="org.example.TestRunner.TestRunner" name="runScenario" time="11.120"/>
  <system-out/>
  <testcase classname="org.example.TestRunner.TestRunner" name="runScenario" time="14.541"/>
  <system-out/>
  <testcase classname="org.example.TestRunner.TestRunner" name="runScenario" time="14.193"/>
  <system-out/>
  <testcase classname="org.example.TestRunner.TestRunner" name="runScenario" time="10.379"/>
  <system-out/>
  <testcase classname="org.example.TestRunner.TestRunner" name="runScenario" time="30.103"/>
  <system-out/>
  <testcase classname="org.example.TestRunner.TestRunner" name="runScenario" time="11.397"/>
  <system-out/>
  <testcase classname="org.example.TestRunner.TestRunner" name="runScenario" time="15.318"/>
  <system-out/>
  <testcase classname="org.example.TestRunner.TestRunner" name="runScenario" time="11.883"/>
  <system-out/>
  <testcase classname="org.example.TestRunner.TestRunner" name="runScenario" time="18.977"/>
  <system-out/>
  <testcase classname="org.example.TestRunner.TestRunner" name="runScenario" time="10.725"/>
  <system-out/>
  <testcase classname="org.example.TestRunner.TestRunner" name="runScenario" time="12.598"/>
  <system-out/>
  <testcase classname="org.example.TestRunner.TestRunner" name="runScenario" time="13.064"/>
  <system-out/>
</testsuite> <!-- org.example.TestRunner.TestRunner -->
